<?xml version="1.0" encoding="UTF-8"?>
<!-- Generated by org.testng.reporters.JUnitXMLReporter -->
<testsuite ignored="0" hostname="DESKTOP-6HODC3A" failures="0" tests="4" name="Default test" time="2.944" errors="0" timestamp="2021-10-27T14:26:47 IST">
  <testcase classname="Data_driven_exampleTestng" name="useDatadriven_post" time="2.756"/>
  <testcase classname="Data_driven_exampleTestng" name="useDatadriven_post" time="0.031"/>
  <testcase classname="Data_driven_exampleTestng" name="useDatadriven_post" time="0.034"/>
  <testcase classname="Data_driven_exampleTestng" name="useDatadriven_post" time="0.05"/>
</testsuite> <!-- Default test -->
