<?xml version="1.0" encoding="UTF-8"?>
<testng-results ignored="0" total="2" passed="2" failed="0" skipped="0">
  <reporter-output>
  </reporter-output>
  <suite started-at="2021-10-13T17:20:19 IST" name="Default suite" finished-at="2021-10-13T17:20:22 IST" duration-ms="2953">
    <groups>
    </groups>
    <test started-at="2021-10-13T17:20:19 IST" name="Default test" finished-at="2021-10-13T17:20:22 IST" duration-ms="2953">
      <class name="TEST01_GET">
        <test-method signature="Test_01()[pri:0, instance:TEST01_GET@66498326]" started-at="2021-10-13T17:20:19 IST" name="Test_01" finished-at="2021-10-13T17:20:21 IST" duration-ms="1975" status="PASS">
          <reporter-output>
          </reporter-output>
        </test-method> <!-- Test_01 -->
        <test-method signature="Test_02()[pri:0, instance:TEST01_GET@66498326]" started-at="2021-10-13T17:20:21 IST" name="Test_02" finished-at="2021-10-13T17:20:22 IST" duration-ms="933" status="PASS">
          <reporter-output>
          </reporter-output>
        </test-method> <!-- Test_02 -->
      </class> <!-- TEST01_GET -->
    </test> <!-- Default test -->
  </suite> <!-- Default suite -->
</testng-results>
