<?xml version="1.0" encoding="UTF-8"?>
<testng-results ignored="0" total="4" passed="4" failed="0" skipped="0">
  <reporter-output>
  </reporter-output>
  <suite started-at="2021-10-27T14:26:44 IST" name="Default suite" finished-at="2021-10-27T14:26:47 IST" duration-ms="2944">
    <groups>
    </groups>
    <test started-at="2021-10-27T14:26:44 IST" name="Default test" finished-at="2021-10-27T14:26:47 IST" duration-ms="2944">
      <class name="Data_driven_exampleTestng">
        <test-method signature="useDatadriven_post(java.lang.String,java.lang.String,int)[pri:0, instance:Data_driven_exampleTestng@550ee7e5]" started-at="2021-10-27T14:26:45 IST" name="useDatadriven_post" data-provider="data for post" finished-at="2021-10-27T14:26:47 IST" duration-ms="2756" status="PASS">
          <params>
            <param index="0">
              <value>
                <![CDATA[henry1]]>
              </value>
            </param>
            <param index="1">
              <value>
                <![CDATA[nicole1]]>
              </value>
            </param>
            <param index="2">
              <value>
                <![CDATA[1]]>
              </value>
            </param>
          </params>
          <reporter-output>
          </reporter-output>
        </test-method> <!-- useDatadriven_post -->
        <test-method signature="useDatadriven_post(java.lang.String,java.lang.String,int)[pri:0, instance:Data_driven_exampleTestng@550ee7e5]" started-at="2021-10-27T14:26:47 IST" name="useDatadriven_post" data-provider="data for post" finished-at="2021-10-27T14:26:47 IST" duration-ms="31" status="PASS">
          <params>
            <param index="0">
              <value>
                <![CDATA[henry2]]>
              </value>
            </param>
            <param index="1">
              <value>
                <![CDATA[nicole2]]>
              </value>
            </param>
            <param index="2">
              <value>
                <![CDATA[1]]>
              </value>
            </param>
          </params>
          <reporter-output>
          </reporter-output>
        </test-method> <!-- useDatadriven_post -->
        <test-method signature="useDatadriven_post(java.lang.String,java.lang.String,int)[pri:0, instance:Data_driven_exampleTestng@550ee7e5]" started-at="2021-10-27T14:26:47 IST" name="useDatadriven_post" data-provider="data for post" finished-at="2021-10-27T14:26:47 IST" duration-ms="34" status="PASS">
          <params>
            <param index="0">
              <value>
                <![CDATA[henry3]]>
              </value>
            </param>
            <param index="1">
              <value>
                <![CDATA[nicole3]]>
              </value>
            </param>
            <param index="2">
              <value>
                <![CDATA[1]]>
              </value>
            </param>
          </params>
          <reporter-output>
          </reporter-output>
        </test-method> <!-- useDatadriven_post -->
        <test-method signature="useDatadriven_post(java.lang.String,java.lang.String,int)[pri:0, instance:Data_driven_exampleTestng@550ee7e5]" started-at="2021-10-27T14:26:47 IST" name="useDatadriven_post" data-provider="data for post" finished-at="2021-10-27T14:26:47 IST" duration-ms="50" status="PASS">
          <params>
            <param index="0">
              <value>
                <![CDATA[henry4]]>
              </value>
            </param>
            <param index="1">
              <value>
                <![CDATA[nicole4]]>
              </value>
            </param>
            <param index="2">
              <value>
                <![CDATA[1]]>
              </value>
            </param>
          </params>
          <reporter-output>
          </reporter-output>
        </test-method> <!-- useDatadriven_post -->
      </class> <!-- Data_driven_exampleTestng -->
    </test> <!-- Default test -->
  </suite> <!-- Default suite -->
</testng-results>
